2021-07-09 00:15:28,022 [Worker-9] INFO  o.e.m.c.i.l.LifecycleMappingFactory - Using org.eclipse.m2e.jdt.JarLifecycleMapping lifecycle mapping for MavenProject: SeleniumCourse_Exam:SeleniumCourse_Exam:0.0.1-SNAPSHOT @ C:\Users\hrafa\OneDrive\Desktop\Selenium_Class_Exam\SeleniumCourse_Exam\pom.xml.
2021-07-09 00:15:28,564 [Worker-9] INFO  o.e.m.j.i.AbstractJavaProjectConfigurator - Adding source folder /SeleniumCourse_Exam/src/main/java
2021-07-09 00:15:28,566 [Worker-9] INFO  o.e.m.j.i.AbstractJavaProjectConfigurator - Adding resource folder /SeleniumCourse_Exam/src/main/resources
2021-07-09 00:15:28,567 [Worker-9] INFO  o.e.m.j.i.AbstractJavaProjectConfigurator - Adding source folder /SeleniumCourse_Exam/src/test/java
2021-07-09 00:15:28,567 [Worker-9] INFO  o.e.m.j.i.AbstractJavaProjectConfigurator - Adding resource folder /SeleniumCourse_Exam/src/test/resources
2021-07-09 00:15:28,926 [Worker-18] WARN  o.e.m.c.i.embedder.EclipseLogger - Using platform encoding (Cp1252 actually) to copy filtered resources, i.e. build is platform dependent!
2021-07-09 00:15:28,934 [Worker-18] INFO  o.e.m.c.i.embedder.EclipseLogger - Copying 0 resource
2021-07-09 00:15:28,937 [Worker-18] WARN  o.e.m.c.i.embedder.EclipseLogger - Using platform encoding (Cp1252 actually) to copy filtered resources, i.e. build is platform dependent!
2021-07-09 00:15:28,938 [Worker-18] INFO  o.e.m.c.i.embedder.EclipseLogger - Copying 0 resource
2021-07-09 00:15:51,682 [Worker-16] WARN  o.e.m.c.i.embedder.EclipseLogger - Using platform encoding (Cp1252 actually) to copy filtered resources, i.e. build is platform dependent!
2021-07-09 00:15:51,686 [Worker-16] INFO  o.e.m.c.i.embedder.EclipseLogger - Copying 0 resource
2021-07-09 00:15:51,688 [Worker-16] WARN  o.e.m.c.i.embedder.EclipseLogger - Using platform encoding (Cp1252 actually) to copy filtered resources, i.e. build is platform dependent!
2021-07-09 00:15:51,689 [Worker-16] INFO  o.e.m.c.i.embedder.EclipseLogger - Copying 0 resource
2021-07-09 00:16:15,823 [Worker-3] WARN  o.e.m.c.i.embedder.EclipseLogger - Using platform encoding (Cp1252 actually) to copy filtered resources, i.e. build is platform dependent!
2021-07-09 00:16:15,824 [Worker-3] INFO  o.e.m.c.i.embedder.EclipseLogger - Copying 0 resource
2021-07-09 00:16:15,825 [Worker-3] WARN  o.e.m.c.i.embedder.EclipseLogger - Using platform encoding (Cp1252 actually) to copy filtered resources, i.e. build is platform dependent!
2021-07-09 00:16:15,826 [Worker-3] INFO  o.e.m.c.i.embedder.EclipseLogger - Copying 0 resource
2021-07-09 00:17:35,741 [Worker-8] WARN  o.e.m.c.i.embedder.EclipseLogger - Using platform encoding (Cp1252 actually) to copy filtered resources, i.e. build is platform dependent!
2021-07-09 00:17:35,742 [Worker-8] INFO  o.e.m.c.i.embedder.EclipseLogger - Copying 0 resource
2021-07-09 00:17:35,743 [Worker-8] WARN  o.e.m.c.i.embedder.EclipseLogger - Using platform encoding (Cp1252 actually) to copy filtered resources, i.e. build is platform dependent!
2021-07-09 00:17:35,744 [Worker-8] INFO  o.e.m.c.i.embedder.EclipseLogger - Copying 0 resource
2021-07-09 00:17:40,091 [Worker-8] WARN  o.e.m.c.i.embedder.EclipseLogger - Using platform encoding (Cp1252 actually) to copy filtered resources, i.e. build is platform dependent!
2021-07-09 00:17:40,092 [Worker-8] INFO  o.e.m.c.i.embedder.EclipseLogger - Copying 0 resource
2021-07-09 00:17:40,094 [Worker-8] WARN  o.e.m.c.i.embedder.EclipseLogger - Using platform encoding (Cp1252 actually) to copy filtered resources, i.e. build is platform dependent!
2021-07-09 00:17:40,095 [Worker-8] INFO  o.e.m.c.i.embedder.EclipseLogger - Copying 0 resource
2021-07-09 00:17:55,404 [Worker-16] WARN  o.e.m.c.i.embedder.EclipseLogger - Using platform encoding (Cp1252 actually) to copy filtered resources, i.e. build is platform dependent!
2021-07-09 00:17:55,405 [Worker-16] INFO  o.e.m.c.i.embedder.EclipseLogger - Copying 0 resource
2021-07-09 00:17:55,406 [Worker-16] WARN  o.e.m.c.i.embedder.EclipseLogger - Using platform encoding (Cp1252 actually) to copy filtered resources, i.e. build is platform dependent!
2021-07-09 00:17:55,407 [Worker-16] INFO  o.e.m.c.i.embedder.EclipseLogger - Copying 0 resource
2021-07-09 00:18:09,058 [Worker-7] WARN  o.e.m.c.i.embedder.EclipseLogger - Using platform encoding (Cp1252 actually) to copy filtered resources, i.e. build is platform dependent!
2021-07-09 00:18:09,059 [Worker-7] INFO  o.e.m.c.i.embedder.EclipseLogger - Copying 0 resource
2021-07-09 00:18:09,060 [Worker-7] WARN  o.e.m.c.i.embedder.EclipseLogger - Using platform encoding (Cp1252 actually) to copy filtered resources, i.e. build is platform dependent!
2021-07-09 00:18:09,062 [Worker-7] INFO  o.e.m.c.i.embedder.EclipseLogger - Copying 0 resource
2021-07-09 00:21:20,316 [Worker-20] INFO  o.e.m.c.i.l.LifecycleMappingFactory - Using org.eclipse.m2e.jdt.JarLifecycleMapping lifecycle mapping for MavenProject: SeleniumCourse_Exam:SeleniumCourse_Exam:0.0.1-SNAPSHOT @ C:\Users\hrafa\OneDrive\Desktop\Selenium_Class_Exam\SeleniumCourse_Exam\pom.xml.
2021-07-09 00:21:21,280 [Worker-20] WARN  o.e.m.c.i.embedder.EclipseLogger - Using platform encoding (Cp1252 actually) to copy filtered resources, i.e. build is platform dependent!
2021-07-09 00:21:21,283 [Worker-20] INFO  o.e.m.c.i.embedder.EclipseLogger - Copying 0 resource
2021-07-09 00:21:21,286 [Worker-20] WARN  o.e.m.c.i.embedder.EclipseLogger - Using platform encoding (Cp1252 actually) to copy filtered resources, i.e. build is platform dependent!
2021-07-09 00:21:21,287 [Worker-20] INFO  o.e.m.c.i.embedder.EclipseLogger - Copying 0 resource
2021-07-09 00:21:22,982 [Worker-20] WARN  o.e.m.c.i.embedder.EclipseLogger - Using platform encoding (Cp1252 actually) to copy filtered resources, i.e. build is platform dependent!
2021-07-09 00:21:22,984 [Worker-20] INFO  o.e.m.c.i.embedder.EclipseLogger - Copying 0 resource
2021-07-09 00:21:22,985 [Worker-20] WARN  o.e.m.c.i.embedder.EclipseLogger - Using platform encoding (Cp1252 actually) to copy filtered resources, i.e. build is platform dependent!
2021-07-09 00:21:22,986 [Worker-20] INFO  o.e.m.c.i.embedder.EclipseLogger - Copying 0 resource
2021-07-09 00:26:52,258 [Worker-11] WARN  o.e.m.c.i.embedder.EclipseLogger - Using platform encoding (Cp1252 actually) to copy filtered resources, i.e. build is platform dependent!
2021-07-09 00:26:52,259 [Worker-11] INFO  o.e.m.c.i.embedder.EclipseLogger - Copying 0 resource
2021-07-09 00:26:52,260 [Worker-11] WARN  o.e.m.c.i.embedder.EclipseLogger - Using platform encoding (Cp1252 actually) to copy filtered resources, i.e. build is platform dependent!
2021-07-09 00:26:52,261 [Worker-11] INFO  o.e.m.c.i.embedder.EclipseLogger - Copying 0 resource
2021-07-09 00:31:32,434 [Worker-28] WARN  o.e.m.c.i.embedder.EclipseLogger - Using platform encoding (Cp1252 actually) to copy filtered resources, i.e. build is platform dependent!
2021-07-09 00:31:32,435 [Worker-28] INFO  o.e.m.c.i.embedder.EclipseLogger - Copying 0 resource
2021-07-09 00:31:32,436 [Worker-28] WARN  o.e.m.c.i.embedder.EclipseLogger - Using platform encoding (Cp1252 actually) to copy filtered resources, i.e. build is platform dependent!
2021-07-09 00:31:32,437 [Worker-28] INFO  o.e.m.c.i.embedder.EclipseLogger - Copying 0 resource
2021-07-09 00:32:29,933 [Worker-6] WARN  o.e.m.c.i.embedder.EclipseLogger - Using platform encoding (Cp1252 actually) to copy filtered resources, i.e. build is platform dependent!
2021-07-09 00:32:29,948 [Worker-6] INFO  o.e.m.c.i.embedder.EclipseLogger - Copying 0 resource
2021-07-09 00:32:29,952 [Worker-6] WARN  o.e.m.c.i.embedder.EclipseLogger - Using platform encoding (Cp1252 actually) to copy filtered resources, i.e. build is platform dependent!
2021-07-09 00:32:29,953 [Worker-6] INFO  o.e.m.c.i.embedder.EclipseLogger - Copying 0 resource
2021-07-09 00:33:25,569 [Worker-1] WARN  o.e.m.c.i.embedder.EclipseLogger - Using platform encoding (Cp1252 actually) to copy filtered resources, i.e. build is platform dependent!
2021-07-09 00:33:25,572 [Worker-1] INFO  o.e.m.c.i.embedder.EclipseLogger - Copying 0 resource
2021-07-09 00:33:25,574 [Worker-1] WARN  o.e.m.c.i.embedder.EclipseLogger - Using platform encoding (Cp1252 actually) to copy filtered resources, i.e. build is platform dependent!
2021-07-09 00:33:25,581 [Worker-1] INFO  o.e.m.c.i.embedder.EclipseLogger - Copying 0 resource
2021-07-09 00:34:16,203 [Worker-16] WARN  o.e.r.models.ModelRepository - Failed to download org.eclipse.recommenders:index::zip:0.0.0
org.eclipse.aether.resolution.ArtifactResolutionException: Could not find artifact org.eclipse.recommenders:index:zip:0.0.0-SNAPSHOT in models (http://download.eclipse.org/recommenders/models/neon/)
	at org.eclipse.aether.internal.impl.DefaultArtifactResolver.resolve(DefaultArtifactResolver.java:444) ~[na:na]
	at org.eclipse.aether.internal.impl.DefaultArtifactResolver.resolveArtifacts(DefaultArtifactResolver.java:246) ~[na:na]
	at org.eclipse.aether.internal.impl.DefaultArtifactResolver.resolveArtifact(DefaultArtifactResolver.java:223) ~[na:na]
	at org.eclipse.aether.internal.impl.DefaultRepositorySystem.resolveArtifact(DefaultRepositorySystem.java:294) ~[na:na]
	at org.eclipse.recommenders.models.ModelRepository.resolveInternal(ModelRepository.java:193) [org.eclipse.recommenders.models_2.4.6.v20170307-1041.jar:na]
	at org.eclipse.recommenders.models.ModelRepository.resolve(ModelRepository.java:172) [org.eclipse.recommenders.models_2.4.6.v20170307-1041.jar:na]
	at org.eclipse.recommenders.internal.models.rcp.EclipseModelRepository.resolve(EclipseModelRepository.java:169) [org.eclipse.recommenders.models.rcp_2.4.6.v20170307-1041.jar:na]
	at org.eclipse.recommenders.internal.models.rcp.DownloadModelArchiveJob.run(DownloadModelArchiveJob.java:76) [org.eclipse.recommenders.models.rcp_2.4.6.v20170307-1041.jar:na]
	at org.eclipse.core.internal.jobs.Worker.run(Worker.java:55) [org.eclipse.core.jobs_3.8.0.v20160509-0411.jar:na]
Caused by: org.eclipse.aether.transfer.ArtifactNotFoundException: Could not find artifact org.eclipse.recommenders:index:zip:0.0.0-SNAPSHOT in models (http://download.eclipse.org/recommenders/models/neon/)
	at org.eclipse.aether.connector.basic.ArtifactTransportListener.transferFailed(ArtifactTransportListener.java:39) ~[org.eclipse.aether.connector.basic_1.0.1.v20141111.jar:na]
	at org.eclipse.aether.connector.basic.BasicRepositoryConnector$TaskRunner.run(BasicRepositoryConnector.java:355) ~[org.eclipse.aether.connector.basic_1.0.1.v20141111.jar:na]
	at org.eclipse.aether.util.concurrency.RunnableErrorForwarder$1.run(RunnableErrorForwarder.java:67) ~[na:na]
	at org.eclipse.aether.connector.basic.BasicRepositoryConnector$DirectExecutor.execute(BasicRepositoryConnector.java:581) ~[org.eclipse.aether.connector.basic_1.0.1.v20141111.jar:na]
	at org.eclipse.aether.connector.basic.BasicRepositoryConnector.get(BasicRepositoryConnector.java:249) ~[org.eclipse.aether.connector.basic_1.0.1.v20141111.jar:na]
	at org.eclipse.aether.internal.impl.DefaultArtifactResolver.performDownloads(DefaultArtifactResolver.java:520) ~[na:na]
	at org.eclipse.aether.internal.impl.DefaultArtifactResolver.resolve(DefaultArtifactResolver.java:421) ~[na:na]
	... 8 common frames omitted
2021-07-09 00:35:44,987 [Worker-14] WARN  o.e.m.c.i.embedder.EclipseLogger - Using platform encoding (Cp1252 actually) to copy filtered resources, i.e. build is platform dependent!
2021-07-09 00:35:44,989 [Worker-14] INFO  o.e.m.c.i.embedder.EclipseLogger - Copying 0 resource
2021-07-09 00:35:44,990 [Worker-14] WARN  o.e.m.c.i.embedder.EclipseLogger - Using platform encoding (Cp1252 actually) to copy filtered resources, i.e. build is platform dependent!
2021-07-09 00:35:44,992 [Worker-14] INFO  o.e.m.c.i.embedder.EclipseLogger - Copying 0 resource
2021-07-09 00:35:58,310 [Worker-8] WARN  o.e.m.c.i.embedder.EclipseLogger - Using platform encoding (Cp1252 actually) to copy filtered resources, i.e. build is platform dependent!
2021-07-09 00:35:58,311 [Worker-8] INFO  o.e.m.c.i.embedder.EclipseLogger - Copying 0 resource
2021-07-09 00:35:58,312 [Worker-8] WARN  o.e.m.c.i.embedder.EclipseLogger - Using platform encoding (Cp1252 actually) to copy filtered resources, i.e. build is platform dependent!
2021-07-09 00:35:58,314 [Worker-8] INFO  o.e.m.c.i.embedder.EclipseLogger - Copying 0 resource
2021-07-09 00:37:13,500 [Worker-2] WARN  o.e.m.c.i.embedder.EclipseLogger - Using platform encoding (Cp1252 actually) to copy filtered resources, i.e. build is platform dependent!
2021-07-09 00:37:13,501 [Worker-2] INFO  o.e.m.c.i.embedder.EclipseLogger - Copying 0 resource
2021-07-09 00:37:13,503 [Worker-2] WARN  o.e.m.c.i.embedder.EclipseLogger - Using platform encoding (Cp1252 actually) to copy filtered resources, i.e. build is platform dependent!
2021-07-09 00:37:13,504 [Worker-2] INFO  o.e.m.c.i.embedder.EclipseLogger - Copying 0 resource
2021-07-09 00:38:58,016 [Worker-12] WARN  o.e.m.c.i.embedder.EclipseLogger - Using platform encoding (Cp1252 actually) to copy filtered resources, i.e. build is platform dependent!
2021-07-09 00:38:58,018 [Worker-12] INFO  o.e.m.c.i.embedder.EclipseLogger - Copying 0 resource
2021-07-09 00:38:58,020 [Worker-12] WARN  o.e.m.c.i.embedder.EclipseLogger - Using platform encoding (Cp1252 actually) to copy filtered resources, i.e. build is platform dependent!
2021-07-09 00:38:58,021 [Worker-12] INFO  o.e.m.c.i.embedder.EclipseLogger - Copying 0 resource
2021-07-09 00:43:26,087 [Worker-18] WARN  o.e.m.c.i.embedder.EclipseLogger - Using platform encoding (Cp1252 actually) to copy filtered resources, i.e. build is platform dependent!
2021-07-09 00:43:26,088 [Worker-18] INFO  o.e.m.c.i.embedder.EclipseLogger - Copying 0 resource
2021-07-09 00:43:26,089 [Worker-18] WARN  o.e.m.c.i.embedder.EclipseLogger - Using platform encoding (Cp1252 actually) to copy filtered resources, i.e. build is platform dependent!
2021-07-09 00:43:26,092 [Worker-18] INFO  o.e.m.c.i.embedder.EclipseLogger - Copying 0 resource
2021-07-09 00:44:48,773 [Worker-20] WARN  o.e.m.c.i.embedder.EclipseLogger - Using platform encoding (Cp1252 actually) to copy filtered resources, i.e. build is platform dependent!
2021-07-09 00:44:48,774 [Worker-20] INFO  o.e.m.c.i.embedder.EclipseLogger - Copying 0 resource
2021-07-09 00:44:48,777 [Worker-20] WARN  o.e.m.c.i.embedder.EclipseLogger - Using platform encoding (Cp1252 actually) to copy filtered resources, i.e. build is platform dependent!
2021-07-09 00:44:48,778 [Worker-20] INFO  o.e.m.c.i.embedder.EclipseLogger - Copying 0 resource
2021-07-09 00:45:30,775 [Worker-19] WARN  o.e.m.c.i.embedder.EclipseLogger - Using platform encoding (Cp1252 actually) to copy filtered resources, i.e. build is platform dependent!
2021-07-09 00:45:30,777 [Worker-19] INFO  o.e.m.c.i.embedder.EclipseLogger - Copying 0 resource
2021-07-09 00:45:30,778 [Worker-19] WARN  o.e.m.c.i.embedder.EclipseLogger - Using platform encoding (Cp1252 actually) to copy filtered resources, i.e. build is platform dependent!
2021-07-09 00:45:30,779 [Worker-19] INFO  o.e.m.c.i.embedder.EclipseLogger - Copying 0 resource
2021-07-09 00:45:36,764 [Worker-20] WARN  o.e.m.c.i.embedder.EclipseLogger - Using platform encoding (Cp1252 actually) to copy filtered resources, i.e. build is platform dependent!
2021-07-09 00:45:36,765 [Worker-20] INFO  o.e.m.c.i.embedder.EclipseLogger - Copying 0 resource
2021-07-09 00:45:36,767 [Worker-20] WARN  o.e.m.c.i.embedder.EclipseLogger - Using platform encoding (Cp1252 actually) to copy filtered resources, i.e. build is platform dependent!
2021-07-09 00:45:36,768 [Worker-20] INFO  o.e.m.c.i.embedder.EclipseLogger - Copying 0 resource
2021-07-09 00:46:04,235 [Worker-21] WARN  o.e.m.c.i.embedder.EclipseLogger - Using platform encoding (Cp1252 actually) to copy filtered resources, i.e. build is platform dependent!
2021-07-09 00:46:04,236 [Worker-21] INFO  o.e.m.c.i.embedder.EclipseLogger - Copying 0 resource
2021-07-09 00:46:04,238 [Worker-21] WARN  o.e.m.c.i.embedder.EclipseLogger - Using platform encoding (Cp1252 actually) to copy filtered resources, i.e. build is platform dependent!
2021-07-09 00:46:04,239 [Worker-21] INFO  o.e.m.c.i.embedder.EclipseLogger - Copying 0 resource
2021-07-09 00:48:07,704 [Worker-23] WARN  o.e.m.c.i.embedder.EclipseLogger - Using platform encoding (Cp1252 actually) to copy filtered resources, i.e. build is platform dependent!
2021-07-09 00:48:07,705 [Worker-23] INFO  o.e.m.c.i.embedder.EclipseLogger - Copying 0 resource
2021-07-09 00:48:07,706 [Worker-23] WARN  o.e.m.c.i.embedder.EclipseLogger - Using platform encoding (Cp1252 actually) to copy filtered resources, i.e. build is platform dependent!
2021-07-09 00:48:07,707 [Worker-23] INFO  o.e.m.c.i.embedder.EclipseLogger - Copying 0 resource
2021-07-09 00:48:39,972 [Worker-18] WARN  o.e.m.c.i.embedder.EclipseLogger - Using platform encoding (Cp1252 actually) to copy filtered resources, i.e. build is platform dependent!
2021-07-09 00:48:39,973 [Worker-18] INFO  o.e.m.c.i.embedder.EclipseLogger - Copying 0 resource
2021-07-09 00:48:39,974 [Worker-18] WARN  o.e.m.c.i.embedder.EclipseLogger - Using platform encoding (Cp1252 actually) to copy filtered resources, i.e. build is platform dependent!
2021-07-09 00:48:39,976 [Worker-18] INFO  o.e.m.c.i.embedder.EclipseLogger - Copying 0 resource
2021-07-09 01:13:08,323 [Worker-28] WARN  o.e.m.c.i.embedder.EclipseLogger - Using platform encoding (Cp1252 actually) to copy filtered resources, i.e. build is platform dependent!
2021-07-09 01:13:08,324 [Worker-28] INFO  o.e.m.c.i.embedder.EclipseLogger - Copying 0 resource
2021-07-09 01:13:08,325 [Worker-28] WARN  o.e.m.c.i.embedder.EclipseLogger - Using platform encoding (Cp1252 actually) to copy filtered resources, i.e. build is platform dependent!
2021-07-09 01:13:08,326 [Worker-28] INFO  o.e.m.c.i.embedder.EclipseLogger - Copying 0 resource
2021-07-09 01:14:41,144 [Worker-28] WARN  o.e.m.c.i.embedder.EclipseLogger - Using platform encoding (Cp1252 actually) to copy filtered resources, i.e. build is platform dependent!
2021-07-09 01:14:41,145 [Worker-28] INFO  o.e.m.c.i.embedder.EclipseLogger - Copying 0 resource
2021-07-09 01:14:41,146 [Worker-28] WARN  o.e.m.c.i.embedder.EclipseLogger - Using platform encoding (Cp1252 actually) to copy filtered resources, i.e. build is platform dependent!
2021-07-09 01:14:41,148 [Worker-28] INFO  o.e.m.c.i.embedder.EclipseLogger - Copying 0 resource
2021-07-09 01:16:07,388 [Worker-26] WARN  o.e.m.c.i.embedder.EclipseLogger - Using platform encoding (Cp1252 actually) to copy filtered resources, i.e. build is platform dependent!
2021-07-09 01:16:07,389 [Worker-26] INFO  o.e.m.c.i.embedder.EclipseLogger - Copying 0 resource
2021-07-09 01:16:07,392 [Worker-26] WARN  o.e.m.c.i.embedder.EclipseLogger - Using platform encoding (Cp1252 actually) to copy filtered resources, i.e. build is platform dependent!
2021-07-09 01:16:07,393 [Worker-26] INFO  o.e.m.c.i.embedder.EclipseLogger - Copying 0 resource
2021-07-09 01:17:26,259 [Worker-26] WARN  o.e.m.c.i.embedder.EclipseLogger - Using platform encoding (Cp1252 actually) to copy filtered resources, i.e. build is platform dependent!
2021-07-09 01:17:26,260 [Worker-26] INFO  o.e.m.c.i.embedder.EclipseLogger - Copying 0 resource
2021-07-09 01:17:26,262 [Worker-26] WARN  o.e.m.c.i.embedder.EclipseLogger - Using platform encoding (Cp1252 actually) to copy filtered resources, i.e. build is platform dependent!
2021-07-09 01:17:26,263 [Worker-26] INFO  o.e.m.c.i.embedder.EclipseLogger - Copying 0 resource
2021-07-09 01:18:26,143 [Worker-26] WARN  o.e.m.c.i.embedder.EclipseLogger - Using platform encoding (Cp1252 actually) to copy filtered resources, i.e. build is platform dependent!
2021-07-09 01:18:26,144 [Worker-26] INFO  o.e.m.c.i.embedder.EclipseLogger - Copying 0 resource
2021-07-09 01:18:26,145 [Worker-26] WARN  o.e.m.c.i.embedder.EclipseLogger - Using platform encoding (Cp1252 actually) to copy filtered resources, i.e. build is platform dependent!
2021-07-09 01:18:26,146 [Worker-26] INFO  o.e.m.c.i.embedder.EclipseLogger - Copying 0 resource
2021-07-09 01:18:37,702 [Worker-30] WARN  o.e.m.c.i.embedder.EclipseLogger - Using platform encoding (Cp1252 actually) to copy filtered resources, i.e. build is platform dependent!
2021-07-09 01:18:37,703 [Worker-30] INFO  o.e.m.c.i.embedder.EclipseLogger - Copying 0 resource
2021-07-09 01:18:37,705 [Worker-30] WARN  o.e.m.c.i.embedder.EclipseLogger - Using platform encoding (Cp1252 actually) to copy filtered resources, i.e. build is platform dependent!
2021-07-09 01:18:37,706 [Worker-30] INFO  o.e.m.c.i.embedder.EclipseLogger - Copying 0 resource
2021-07-09 01:21:53,858 [Worker-26] WARN  o.e.m.c.i.embedder.EclipseLogger - Using platform encoding (Cp1252 actually) to copy filtered resources, i.e. build is platform dependent!
2021-07-09 01:21:53,859 [Worker-26] INFO  o.e.m.c.i.embedder.EclipseLogger - Copying 0 resource
2021-07-09 01:21:53,860 [Worker-26] WARN  o.e.m.c.i.embedder.EclipseLogger - Using platform encoding (Cp1252 actually) to copy filtered resources, i.e. build is platform dependent!
2021-07-09 01:21:53,861 [Worker-26] INFO  o.e.m.c.i.embedder.EclipseLogger - Copying 0 resource
2021-07-09 01:22:08,029 [Worker-26] WARN  o.e.m.c.i.embedder.EclipseLogger - Using platform encoding (Cp1252 actually) to copy filtered resources, i.e. build is platform dependent!
2021-07-09 01:22:08,030 [Worker-26] INFO  o.e.m.c.i.embedder.EclipseLogger - Copying 0 resource
2021-07-09 01:22:08,031 [Worker-26] WARN  o.e.m.c.i.embedder.EclipseLogger - Using platform encoding (Cp1252 actually) to copy filtered resources, i.e. build is platform dependent!
2021-07-09 01:22:08,033 [Worker-26] INFO  o.e.m.c.i.embedder.EclipseLogger - Copying 0 resource
2021-07-09 01:23:21,401 [Worker-32] WARN  o.e.m.c.i.embedder.EclipseLogger - Using platform encoding (Cp1252 actually) to copy filtered resources, i.e. build is platform dependent!
2021-07-09 01:23:21,402 [Worker-32] INFO  o.e.m.c.i.embedder.EclipseLogger - Copying 0 resource
2021-07-09 01:23:21,403 [Worker-32] WARN  o.e.m.c.i.embedder.EclipseLogger - Using platform encoding (Cp1252 actually) to copy filtered resources, i.e. build is platform dependent!
2021-07-09 01:23:21,404 [Worker-32] INFO  o.e.m.c.i.embedder.EclipseLogger - Copying 0 resource
2021-07-09 01:23:42,041 [Worker-27] WARN  o.e.m.c.i.embedder.EclipseLogger - Using platform encoding (Cp1252 actually) to copy filtered resources, i.e. build is platform dependent!
2021-07-09 01:23:42,042 [Worker-27] INFO  o.e.m.c.i.embedder.EclipseLogger - Copying 0 resource
2021-07-09 01:23:42,043 [Worker-27] WARN  o.e.m.c.i.embedder.EclipseLogger - Using platform encoding (Cp1252 actually) to copy filtered resources, i.e. build is platform dependent!
2021-07-09 01:23:42,046 [Worker-27] INFO  o.e.m.c.i.embedder.EclipseLogger - Copying 0 resource
2021-07-09 01:24:18,159 [Worker-28] WARN  o.e.m.c.i.embedder.EclipseLogger - Using platform encoding (Cp1252 actually) to copy filtered resources, i.e. build is platform dependent!
2021-07-09 01:24:18,165 [Worker-28] INFO  o.e.m.c.i.embedder.EclipseLogger - Copying 0 resource
2021-07-09 01:24:18,166 [Worker-28] WARN  o.e.m.c.i.embedder.EclipseLogger - Using platform encoding (Cp1252 actually) to copy filtered resources, i.e. build is platform dependent!
2021-07-09 01:24:18,168 [Worker-28] INFO  o.e.m.c.i.embedder.EclipseLogger - Copying 0 resource
2021-07-09 01:25:17,469 [Worker-29] WARN  o.e.m.c.i.embedder.EclipseLogger - Using platform encoding (Cp1252 actually) to copy filtered resources, i.e. build is platform dependent!
2021-07-09 01:25:17,470 [Worker-29] INFO  o.e.m.c.i.embedder.EclipseLogger - Copying 0 resource
2021-07-09 01:25:17,471 [Worker-29] WARN  o.e.m.c.i.embedder.EclipseLogger - Using platform encoding (Cp1252 actually) to copy filtered resources, i.e. build is platform dependent!
2021-07-09 01:25:17,473 [Worker-29] INFO  o.e.m.c.i.embedder.EclipseLogger - Copying 0 resource
2021-07-09 01:26:10,821 [Worker-26] WARN  o.e.m.c.i.embedder.EclipseLogger - Using platform encoding (Cp1252 actually) to copy filtered resources, i.e. build is platform dependent!
2021-07-09 01:26:10,822 [Worker-26] INFO  o.e.m.c.i.embedder.EclipseLogger - Copying 0 resource
2021-07-09 01:26:10,823 [Worker-26] WARN  o.e.m.c.i.embedder.EclipseLogger - Using platform encoding (Cp1252 actually) to copy filtered resources, i.e. build is platform dependent!
2021-07-09 01:26:10,824 [Worker-26] INFO  o.e.m.c.i.embedder.EclipseLogger - Copying 0 resource
2021-07-09 01:26:17,169 [Worker-28] WARN  o.e.m.c.i.embedder.EclipseLogger - Using platform encoding (Cp1252 actually) to copy filtered resources, i.e. build is platform dependent!
2021-07-09 01:26:17,170 [Worker-28] INFO  o.e.m.c.i.embedder.EclipseLogger - Copying 0 resource
2021-07-09 01:26:17,172 [Worker-28] WARN  o.e.m.c.i.embedder.EclipseLogger - Using platform encoding (Cp1252 actually) to copy filtered resources, i.e. build is platform dependent!
2021-07-09 01:26:17,173 [Worker-28] INFO  o.e.m.c.i.embedder.EclipseLogger - Copying 0 resource
2021-07-09 01:44:58,550 [Worker-42] WARN  o.e.m.c.i.embedder.EclipseLogger - Using platform encoding (Cp1252 actually) to copy filtered resources, i.e. build is platform dependent!
2021-07-09 01:44:58,551 [Worker-42] INFO  o.e.m.c.i.embedder.EclipseLogger - Copying 0 resource
2021-07-09 01:44:58,552 [Worker-42] WARN  o.e.m.c.i.embedder.EclipseLogger - Using platform encoding (Cp1252 actually) to copy filtered resources, i.e. build is platform dependent!
2021-07-09 01:44:58,553 [Worker-42] INFO  o.e.m.c.i.embedder.EclipseLogger - Copying 0 resource
2021-07-09 01:53:08,974 [Worker-44] WARN  o.e.m.c.i.embedder.EclipseLogger - Using platform encoding (Cp1252 actually) to copy filtered resources, i.e. build is platform dependent!
2021-07-09 01:53:08,975 [Worker-44] INFO  o.e.m.c.i.embedder.EclipseLogger - Copying 0 resource
2021-07-09 01:53:08,976 [Worker-44] WARN  o.e.m.c.i.embedder.EclipseLogger - Using platform encoding (Cp1252 actually) to copy filtered resources, i.e. build is platform dependent!
2021-07-09 01:53:08,977 [Worker-44] INFO  o.e.m.c.i.embedder.EclipseLogger - Copying 0 resource
2021-07-09 02:03:07,086 [Worker-51] WARN  o.e.m.c.i.embedder.EclipseLogger - Using platform encoding (Cp1252 actually) to copy filtered resources, i.e. build is platform dependent!
2021-07-09 02:03:07,087 [Worker-51] INFO  o.e.m.c.i.embedder.EclipseLogger - Copying 0 resource
2021-07-09 02:03:07,088 [Worker-51] WARN  o.e.m.c.i.embedder.EclipseLogger - Using platform encoding (Cp1252 actually) to copy filtered resources, i.e. build is platform dependent!
2021-07-09 02:03:07,089 [Worker-51] INFO  o.e.m.c.i.embedder.EclipseLogger - Copying 0 resource
2021-07-09 02:12:29,985 [Worker-56] WARN  o.e.m.c.i.embedder.EclipseLogger - Using platform encoding (Cp1252 actually) to copy filtered resources, i.e. build is platform dependent!
2021-07-09 02:12:29,986 [Worker-56] INFO  o.e.m.c.i.embedder.EclipseLogger - Copying 0 resource
2021-07-09 02:12:29,987 [Worker-56] WARN  o.e.m.c.i.embedder.EclipseLogger - Using platform encoding (Cp1252 actually) to copy filtered resources, i.e. build is platform dependent!
2021-07-09 02:12:29,988 [Worker-56] INFO  o.e.m.c.i.embedder.EclipseLogger - Copying 0 resource
2021-07-09 02:13:24,150 [Worker-58] WARN  o.e.m.c.i.embedder.EclipseLogger - Using platform encoding (Cp1252 actually) to copy filtered resources, i.e. build is platform dependent!
2021-07-09 02:13:24,151 [Worker-58] INFO  o.e.m.c.i.embedder.EclipseLogger - Copying 0 resource
2021-07-09 02:13:24,152 [Worker-58] WARN  o.e.m.c.i.embedder.EclipseLogger - Using platform encoding (Cp1252 actually) to copy filtered resources, i.e. build is platform dependent!
2021-07-09 02:13:24,153 [Worker-58] INFO  o.e.m.c.i.embedder.EclipseLogger - Copying 0 resource
2021-07-09 02:14:10,777 [Worker-49] WARN  o.e.m.c.i.embedder.EclipseLogger - Using platform encoding (Cp1252 actually) to copy filtered resources, i.e. build is platform dependent!
2021-07-09 02:14:10,778 [Worker-49] INFO  o.e.m.c.i.embedder.EclipseLogger - Copying 0 resource
2021-07-09 02:14:10,779 [Worker-49] WARN  o.e.m.c.i.embedder.EclipseLogger - Using platform encoding (Cp1252 actually) to copy filtered resources, i.e. build is platform dependent!
2021-07-09 02:14:10,780 [Worker-49] INFO  o.e.m.c.i.embedder.EclipseLogger - Copying 0 resource
2021-07-09 02:16:09,348 [Worker-57] WARN  o.e.m.c.i.embedder.EclipseLogger - Using platform encoding (Cp1252 actually) to copy filtered resources, i.e. build is platform dependent!
2021-07-09 02:16:09,349 [Worker-57] INFO  o.e.m.c.i.embedder.EclipseLogger - Copying 0 resource
2021-07-09 02:16:09,350 [Worker-57] WARN  o.e.m.c.i.embedder.EclipseLogger - Using platform encoding (Cp1252 actually) to copy filtered resources, i.e. build is platform dependent!
2021-07-09 02:16:09,351 [Worker-57] INFO  o.e.m.c.i.embedder.EclipseLogger - Copying 0 resource
2021-07-09 02:16:27,104 [Worker-56] WARN  o.e.m.c.i.embedder.EclipseLogger - Using platform encoding (Cp1252 actually) to copy filtered resources, i.e. build is platform dependent!
2021-07-09 02:16:27,104 [Worker-56] INFO  o.e.m.c.i.embedder.EclipseLogger - Copying 0 resource
2021-07-09 02:16:27,105 [Worker-56] WARN  o.e.m.c.i.embedder.EclipseLogger - Using platform encoding (Cp1252 actually) to copy filtered resources, i.e. build is platform dependent!
2021-07-09 02:16:27,106 [Worker-56] INFO  o.e.m.c.i.embedder.EclipseLogger - Copying 0 resource
2021-07-09 02:16:41,162 [Worker-55] WARN  o.e.m.c.i.embedder.EclipseLogger - Using platform encoding (Cp1252 actually) to copy filtered resources, i.e. build is platform dependent!
2021-07-09 02:16:41,163 [Worker-55] INFO  o.e.m.c.i.embedder.EclipseLogger - Copying 0 resource
2021-07-09 02:16:41,164 [Worker-55] WARN  o.e.m.c.i.embedder.EclipseLogger - Using platform encoding (Cp1252 actually) to copy filtered resources, i.e. build is platform dependent!
2021-07-09 02:16:41,165 [Worker-55] INFO  o.e.m.c.i.embedder.EclipseLogger - Copying 0 resource
2021-07-09 02:17:12,930 [Worker-49] WARN  o.e.m.c.i.embedder.EclipseLogger - Using platform encoding (Cp1252 actually) to copy filtered resources, i.e. build is platform dependent!
2021-07-09 02:17:12,930 [Worker-49] INFO  o.e.m.c.i.embedder.EclipseLogger - Copying 0 resource
2021-07-09 02:17:12,931 [Worker-49] WARN  o.e.m.c.i.embedder.EclipseLogger - Using platform encoding (Cp1252 actually) to copy filtered resources, i.e. build is platform dependent!
2021-07-09 02:17:12,932 [Worker-49] INFO  o.e.m.c.i.embedder.EclipseLogger - Copying 0 resource
2021-07-09 02:22:12,925 [Worker-59] WARN  o.e.m.c.i.embedder.EclipseLogger - Using platform encoding (Cp1252 actually) to copy filtered resources, i.e. build is platform dependent!
2021-07-09 02:22:12,926 [Worker-59] INFO  o.e.m.c.i.embedder.EclipseLogger - Copying 0 resource
2021-07-09 02:22:12,927 [Worker-59] WARN  o.e.m.c.i.embedder.EclipseLogger - Using platform encoding (Cp1252 actually) to copy filtered resources, i.e. build is platform dependent!
2021-07-09 02:22:12,928 [Worker-59] INFO  o.e.m.c.i.embedder.EclipseLogger - Copying 0 resource
2021-07-09 02:23:25,276 [Worker-60] WARN  o.e.m.c.i.embedder.EclipseLogger - Using platform encoding (Cp1252 actually) to copy filtered resources, i.e. build is platform dependent!
2021-07-09 02:23:25,277 [Worker-60] INFO  o.e.m.c.i.embedder.EclipseLogger - Copying 0 resource
2021-07-09 02:23:25,277 [Worker-60] WARN  o.e.m.c.i.embedder.EclipseLogger - Using platform encoding (Cp1252 actually) to copy filtered resources, i.e. build is platform dependent!
2021-07-09 02:23:25,278 [Worker-60] INFO  o.e.m.c.i.embedder.EclipseLogger - Copying 0 resource
2021-07-09 02:24:36,520 [Worker-61] WARN  o.e.m.c.i.embedder.EclipseLogger - Using platform encoding (Cp1252 actually) to copy filtered resources, i.e. build is platform dependent!
2021-07-09 02:24:36,521 [Worker-61] INFO  o.e.m.c.i.embedder.EclipseLogger - Copying 0 resource
2021-07-09 02:24:36,522 [Worker-61] WARN  o.e.m.c.i.embedder.EclipseLogger - Using platform encoding (Cp1252 actually) to copy filtered resources, i.e. build is platform dependent!
2021-07-09 02:24:36,523 [Worker-61] INFO  o.e.m.c.i.embedder.EclipseLogger - Copying 0 resource
2021-07-09 02:24:42,625 [Worker-60] WARN  o.e.m.c.i.embedder.EclipseLogger - Using platform encoding (Cp1252 actually) to copy filtered resources, i.e. build is platform dependent!
2021-07-09 02:24:42,625 [Worker-60] INFO  o.e.m.c.i.embedder.EclipseLogger - Copying 0 resource
2021-07-09 02:24:42,626 [Worker-60] WARN  o.e.m.c.i.embedder.EclipseLogger - Using platform encoding (Cp1252 actually) to copy filtered resources, i.e. build is platform dependent!
2021-07-09 02:24:42,627 [Worker-60] INFO  o.e.m.c.i.embedder.EclipseLogger - Copying 0 resource
2021-07-09 02:25:57,317 [Worker-60] WARN  o.e.m.c.i.embedder.EclipseLogger - Using platform encoding (Cp1252 actually) to copy filtered resources, i.e. build is platform dependent!
2021-07-09 02:25:57,318 [Worker-60] INFO  o.e.m.c.i.embedder.EclipseLogger - Copying 0 resource
2021-07-09 02:25:57,319 [Worker-60] WARN  o.e.m.c.i.embedder.EclipseLogger - Using platform encoding (Cp1252 actually) to copy filtered resources, i.e. build is platform dependent!
2021-07-09 02:25:57,320 [Worker-60] INFO  o.e.m.c.i.embedder.EclipseLogger - Copying 0 resource
2021-07-09 02:27:00,485 [Worker-57] WARN  o.e.m.c.i.embedder.EclipseLogger - Using platform encoding (Cp1252 actually) to copy filtered resources, i.e. build is platform dependent!
2021-07-09 02:27:00,486 [Worker-57] INFO  o.e.m.c.i.embedder.EclipseLogger - Copying 0 resource
2021-07-09 02:27:00,487 [Worker-57] WARN  o.e.m.c.i.embedder.EclipseLogger - Using platform encoding (Cp1252 actually) to copy filtered resources, i.e. build is platform dependent!
2021-07-09 02:27:00,488 [Worker-57] INFO  o.e.m.c.i.embedder.EclipseLogger - Copying 0 resource
2021-07-09 02:33:24,235 [Worker-65] WARN  o.e.m.c.i.embedder.EclipseLogger - Using platform encoding (Cp1252 actually) to copy filtered resources, i.e. build is platform dependent!
2021-07-09 02:33:24,236 [Worker-65] INFO  o.e.m.c.i.embedder.EclipseLogger - Copying 0 resource
2021-07-09 02:33:24,237 [Worker-65] WARN  o.e.m.c.i.embedder.EclipseLogger - Using platform encoding (Cp1252 actually) to copy filtered resources, i.e. build is platform dependent!
2021-07-09 02:33:24,238 [Worker-65] INFO  o.e.m.c.i.embedder.EclipseLogger - Copying 0 resource
2021-07-09 02:35:10,294 [Worker-59] WARN  o.e.m.c.i.embedder.EclipseLogger - Using platform encoding (Cp1252 actually) to copy filtered resources, i.e. build is platform dependent!
2021-07-09 02:35:10,295 [Worker-59] INFO  o.e.m.c.i.embedder.EclipseLogger - Copying 0 resource
2021-07-09 02:35:10,296 [Worker-59] WARN  o.e.m.c.i.embedder.EclipseLogger - Using platform encoding (Cp1252 actually) to copy filtered resources, i.e. build is platform dependent!
2021-07-09 02:35:10,297 [Worker-59] INFO  o.e.m.c.i.embedder.EclipseLogger - Copying 0 resource
2021-07-09 02:35:49,050 [Worker-67] WARN  o.e.m.c.i.embedder.EclipseLogger - Using platform encoding (Cp1252 actually) to copy filtered resources, i.e. build is platform dependent!
2021-07-09 02:35:49,051 [Worker-67] INFO  o.e.m.c.i.embedder.EclipseLogger - Copying 0 resource
2021-07-09 02:35:49,052 [Worker-67] WARN  o.e.m.c.i.embedder.EclipseLogger - Using platform encoding (Cp1252 actually) to copy filtered resources, i.e. build is platform dependent!
2021-07-09 02:35:49,052 [Worker-67] INFO  o.e.m.c.i.embedder.EclipseLogger - Copying 0 resource
2021-07-09 02:37:06,088 [Worker-69] WARN  o.e.m.c.i.embedder.EclipseLogger - Using platform encoding (Cp1252 actually) to copy filtered resources, i.e. build is platform dependent!
2021-07-09 02:37:06,088 [Worker-69] INFO  o.e.m.c.i.embedder.EclipseLogger - Copying 0 resource
2021-07-09 02:37:06,089 [Worker-69] WARN  o.e.m.c.i.embedder.EclipseLogger - Using platform encoding (Cp1252 actually) to copy filtered resources, i.e. build is platform dependent!
2021-07-09 02:37:06,090 [Worker-69] INFO  o.e.m.c.i.embedder.EclipseLogger - Copying 0 resource
2021-07-09 02:39:13,562 [Worker-69] WARN  o.e.m.c.i.embedder.EclipseLogger - Using platform encoding (Cp1252 actually) to copy filtered resources, i.e. build is platform dependent!
2021-07-09 02:39:13,563 [Worker-69] INFO  o.e.m.c.i.embedder.EclipseLogger - Copying 0 resource
2021-07-09 02:39:13,564 [Worker-69] WARN  o.e.m.c.i.embedder.EclipseLogger - Using platform encoding (Cp1252 actually) to copy filtered resources, i.e. build is platform dependent!
2021-07-09 02:39:13,565 [Worker-69] INFO  o.e.m.c.i.embedder.EclipseLogger - Copying 0 resource
2021-07-09 02:40:22,599 [Worker-68] WARN  o.e.m.c.i.embedder.EclipseLogger - Using platform encoding (Cp1252 actually) to copy filtered resources, i.e. build is platform dependent!
2021-07-09 02:40:22,600 [Worker-68] INFO  o.e.m.c.i.embedder.EclipseLogger - Copying 0 resource
2021-07-09 02:40:22,600 [Worker-68] WARN  o.e.m.c.i.embedder.EclipseLogger - Using platform encoding (Cp1252 actually) to copy filtered resources, i.e. build is platform dependent!
2021-07-09 02:40:22,601 [Worker-68] INFO  o.e.m.c.i.embedder.EclipseLogger - Copying 0 resource
2021-07-09 02:41:53,509 [Worker-71] WARN  o.e.m.c.i.embedder.EclipseLogger - Using platform encoding (Cp1252 actually) to copy filtered resources, i.e. build is platform dependent!
2021-07-09 02:41:53,510 [Worker-71] INFO  o.e.m.c.i.embedder.EclipseLogger - Copying 0 resource
2021-07-09 02:41:53,511 [Worker-71] WARN  o.e.m.c.i.embedder.EclipseLogger - Using platform encoding (Cp1252 actually) to copy filtered resources, i.e. build is platform dependent!
2021-07-09 02:41:53,512 [Worker-71] INFO  o.e.m.c.i.embedder.EclipseLogger - Copying 0 resource
2021-07-09 02:43:07,460 [Worker-72] WARN  o.e.m.c.i.embedder.EclipseLogger - Using platform encoding (Cp1252 actually) to copy filtered resources, i.e. build is platform dependent!
2021-07-09 02:43:07,460 [Worker-72] INFO  o.e.m.c.i.embedder.EclipseLogger - Copying 0 resource
2021-07-09 02:43:07,462 [Worker-72] WARN  o.e.m.c.i.embedder.EclipseLogger - Using platform encoding (Cp1252 actually) to copy filtered resources, i.e. build is platform dependent!
2021-07-09 02:43:07,463 [Worker-72] INFO  o.e.m.c.i.embedder.EclipseLogger - Copying 0 resource
2021-07-09 02:43:48,466 [Worker-69] WARN  o.e.m.c.i.embedder.EclipseLogger - Using platform encoding (Cp1252 actually) to copy filtered resources, i.e. build is platform dependent!
2021-07-09 02:43:48,467 [Worker-69] INFO  o.e.m.c.i.embedder.EclipseLogger - Copying 0 resource
2021-07-09 02:43:48,468 [Worker-69] WARN  o.e.m.c.i.embedder.EclipseLogger - Using platform encoding (Cp1252 actually) to copy filtered resources, i.e. build is platform dependent!
2021-07-09 02:43:48,469 [Worker-69] INFO  o.e.m.c.i.embedder.EclipseLogger - Copying 0 resource
2021-07-09 02:45:47,985 [Worker-59] WARN  o.e.m.c.i.embedder.EclipseLogger - Using platform encoding (Cp1252 actually) to copy filtered resources, i.e. build is platform dependent!
2021-07-09 02:45:47,985 [Worker-59] INFO  o.e.m.c.i.embedder.EclipseLogger - Copying 0 resource
2021-07-09 02:45:47,986 [Worker-59] WARN  o.e.m.c.i.embedder.EclipseLogger - Using platform encoding (Cp1252 actually) to copy filtered resources, i.e. build is platform dependent!
2021-07-09 02:45:47,987 [Worker-59] INFO  o.e.m.c.i.embedder.EclipseLogger - Copying 0 resource
2021-07-09 02:45:53,904 [Worker-66] WARN  o.e.m.c.i.embedder.EclipseLogger - Using platform encoding (Cp1252 actually) to copy filtered resources, i.e. build is platform dependent!
2021-07-09 02:45:53,905 [Worker-66] INFO  o.e.m.c.i.embedder.EclipseLogger - Copying 0 resource
2021-07-09 02:45:53,906 [Worker-66] WARN  o.e.m.c.i.embedder.EclipseLogger - Using platform encoding (Cp1252 actually) to copy filtered resources, i.e. build is platform dependent!
2021-07-09 02:45:53,907 [Worker-66] INFO  o.e.m.c.i.embedder.EclipseLogger - Copying 0 resource
2021-07-09 02:46:56,909 [Worker-74] WARN  o.e.m.c.i.embedder.EclipseLogger - Using platform encoding (Cp1252 actually) to copy filtered resources, i.e. build is platform dependent!
2021-07-09 02:46:56,910 [Worker-74] INFO  o.e.m.c.i.embedder.EclipseLogger - Copying 0 resource
2021-07-09 02:46:56,911 [Worker-74] WARN  o.e.m.c.i.embedder.EclipseLogger - Using platform encoding (Cp1252 actually) to copy filtered resources, i.e. build is platform dependent!
2021-07-09 02:46:56,912 [Worker-74] INFO  o.e.m.c.i.embedder.EclipseLogger - Copying 0 resource
2021-07-09 02:47:54,769 [Worker-66] WARN  o.e.m.c.i.embedder.EclipseLogger - Using platform encoding (Cp1252 actually) to copy filtered resources, i.e. build is platform dependent!
2021-07-09 02:47:54,770 [Worker-66] INFO  o.e.m.c.i.embedder.EclipseLogger - Copying 0 resource
2021-07-09 02:47:54,770 [Worker-66] WARN  o.e.m.c.i.embedder.EclipseLogger - Using platform encoding (Cp1252 actually) to copy filtered resources, i.e. build is platform dependent!
2021-07-09 02:47:54,771 [Worker-66] INFO  o.e.m.c.i.embedder.EclipseLogger - Copying 0 resource
2021-07-09 02:48:09,801 [Worker-69] WARN  o.e.m.c.i.embedder.EclipseLogger - Using platform encoding (Cp1252 actually) to copy filtered resources, i.e. build is platform dependent!
2021-07-09 02:48:09,802 [Worker-69] INFO  o.e.m.c.i.embedder.EclipseLogger - Copying 0 resource
2021-07-09 02:48:09,803 [Worker-69] WARN  o.e.m.c.i.embedder.EclipseLogger - Using platform encoding (Cp1252 actually) to copy filtered resources, i.e. build is platform dependent!
2021-07-09 02:48:09,804 [Worker-69] INFO  o.e.m.c.i.embedder.EclipseLogger - Copying 0 resource
2021-07-09 02:48:43,028 [Worker-68] WARN  o.e.m.c.i.embedder.EclipseLogger - Using platform encoding (Cp1252 actually) to copy filtered resources, i.e. build is platform dependent!
2021-07-09 02:48:43,028 [Worker-68] INFO  o.e.m.c.i.embedder.EclipseLogger - Copying 0 resource
2021-07-09 02:48:43,029 [Worker-68] WARN  o.e.m.c.i.embedder.EclipseLogger - Using platform encoding (Cp1252 actually) to copy filtered resources, i.e. build is platform dependent!
2021-07-09 02:48:43,030 [Worker-68] INFO  o.e.m.c.i.embedder.EclipseLogger - Copying 0 resource
2021-07-09 02:49:14,601 [Worker-73] WARN  o.e.m.c.i.embedder.EclipseLogger - Using platform encoding (Cp1252 actually) to copy filtered resources, i.e. build is platform dependent!
2021-07-09 02:49:14,602 [Worker-73] INFO  o.e.m.c.i.embedder.EclipseLogger - Copying 0 resource
2021-07-09 02:49:14,603 [Worker-73] WARN  o.e.m.c.i.embedder.EclipseLogger - Using platform encoding (Cp1252 actually) to copy filtered resources, i.e. build is platform dependent!
2021-07-09 02:49:14,605 [Worker-73] INFO  o.e.m.c.i.embedder.EclipseLogger - Copying 0 resource
2021-07-09 02:50:33,578 [Worker-68] WARN  o.e.m.c.i.embedder.EclipseLogger - Using platform encoding (Cp1252 actually) to copy filtered resources, i.e. build is platform dependent!
2021-07-09 02:50:33,579 [Worker-68] INFO  o.e.m.c.i.embedder.EclipseLogger - Copying 0 resource
2021-07-09 02:50:33,580 [Worker-68] WARN  o.e.m.c.i.embedder.EclipseLogger - Using platform encoding (Cp1252 actually) to copy filtered resources, i.e. build is platform dependent!
2021-07-09 02:50:33,581 [Worker-68] INFO  o.e.m.c.i.embedder.EclipseLogger - Copying 0 resource
2021-07-09 02:51:06,663 [Worker-66] WARN  o.e.m.c.i.embedder.EclipseLogger - Using platform encoding (Cp1252 actually) to copy filtered resources, i.e. build is platform dependent!
2021-07-09 02:51:06,664 [Worker-66] INFO  o.e.m.c.i.embedder.EclipseLogger - Copying 0 resource
2021-07-09 02:51:06,665 [Worker-66] WARN  o.e.m.c.i.embedder.EclipseLogger - Using platform encoding (Cp1252 actually) to copy filtered resources, i.e. build is platform dependent!
2021-07-09 02:51:06,666 [Worker-66] INFO  o.e.m.c.i.embedder.EclipseLogger - Copying 0 resource
2021-07-09 02:51:27,133 [Worker-73] WARN  o.e.m.c.i.embedder.EclipseLogger - Using platform encoding (Cp1252 actually) to copy filtered resources, i.e. build is platform dependent!
2021-07-09 02:51:27,134 [Worker-73] INFO  o.e.m.c.i.embedder.EclipseLogger - Copying 0 resource
2021-07-09 02:51:27,135 [Worker-73] WARN  o.e.m.c.i.embedder.EclipseLogger - Using platform encoding (Cp1252 actually) to copy filtered resources, i.e. build is platform dependent!
2021-07-09 02:51:27,137 [Worker-73] INFO  o.e.m.c.i.embedder.EclipseLogger - Copying 0 resource
2021-07-09 02:52:22,501 [Worker-73] WARN  o.e.m.c.i.embedder.EclipseLogger - Using platform encoding (Cp1252 actually) to copy filtered resources, i.e. build is platform dependent!
2021-07-09 02:52:22,501 [Worker-73] INFO  o.e.m.c.i.embedder.EclipseLogger - Copying 0 resource
2021-07-09 02:52:22,502 [Worker-73] WARN  o.e.m.c.i.embedder.EclipseLogger - Using platform encoding (Cp1252 actually) to copy filtered resources, i.e. build is platform dependent!
2021-07-09 02:52:22,503 [Worker-73] INFO  o.e.m.c.i.embedder.EclipseLogger - Copying 0 resource
2021-07-09 03:02:51,177 [Worker-79] WARN  o.e.m.c.i.embedder.EclipseLogger - Using platform encoding (Cp1252 actually) to copy filtered resources, i.e. build is platform dependent!
2021-07-09 03:02:51,178 [Worker-79] INFO  o.e.m.c.i.embedder.EclipseLogger - Copying 0 resource
2021-07-09 03:02:51,180 [Worker-79] WARN  o.e.m.c.i.embedder.EclipseLogger - Using platform encoding (Cp1252 actually) to copy filtered resources, i.e. build is platform dependent!
2021-07-09 03:02:51,181 [Worker-79] INFO  o.e.m.c.i.embedder.EclipseLogger - Copying 0 resource
2021-07-09 03:02:59,438 [Worker-73] WARN  o.e.m.c.i.embedder.EclipseLogger - Using platform encoding (Cp1252 actually) to copy filtered resources, i.e. build is platform dependent!
2021-07-09 03:02:59,439 [Worker-73] INFO  o.e.m.c.i.embedder.EclipseLogger - Copying 0 resource
2021-07-09 03:02:59,440 [Worker-73] WARN  o.e.m.c.i.embedder.EclipseLogger - Using platform encoding (Cp1252 actually) to copy filtered resources, i.e. build is platform dependent!
2021-07-09 03:02:59,442 [Worker-73] INFO  o.e.m.c.i.embedder.EclipseLogger - Copying 0 resource
2021-07-09 03:05:51,819 [Worker-78] WARN  o.e.m.c.i.embedder.EclipseLogger - Using platform encoding (Cp1252 actually) to copy filtered resources, i.e. build is platform dependent!
2021-07-09 03:05:51,820 [Worker-78] INFO  o.e.m.c.i.embedder.EclipseLogger - Copying 0 resource
2021-07-09 03:05:51,821 [Worker-78] WARN  o.e.m.c.i.embedder.EclipseLogger - Using platform encoding (Cp1252 actually) to copy filtered resources, i.e. build is platform dependent!
2021-07-09 03:05:51,822 [Worker-78] INFO  o.e.m.c.i.embedder.EclipseLogger - Copying 0 resource
2021-07-09 03:09:02,452 [Worker-78] WARN  o.e.m.c.i.embedder.EclipseLogger - Using platform encoding (Cp1252 actually) to copy filtered resources, i.e. build is platform dependent!
2021-07-09 03:09:02,453 [Worker-78] INFO  o.e.m.c.i.embedder.EclipseLogger - Copying 0 resource
2021-07-09 03:09:02,454 [Worker-78] WARN  o.e.m.c.i.embedder.EclipseLogger - Using platform encoding (Cp1252 actually) to copy filtered resources, i.e. build is platform dependent!
2021-07-09 03:09:02,455 [Worker-78] INFO  o.e.m.c.i.embedder.EclipseLogger - Copying 0 resource
2021-07-09 03:10:45,938 [Worker-85] WARN  o.e.m.c.i.embedder.EclipseLogger - Using platform encoding (Cp1252 actually) to copy filtered resources, i.e. build is platform dependent!
2021-07-09 03:10:45,939 [Worker-85] INFO  o.e.m.c.i.embedder.EclipseLogger - Copying 0 resource
2021-07-09 03:10:45,940 [Worker-85] WARN  o.e.m.c.i.embedder.EclipseLogger - Using platform encoding (Cp1252 actually) to copy filtered resources, i.e. build is platform dependent!
2021-07-09 03:10:45,941 [Worker-85] INFO  o.e.m.c.i.embedder.EclipseLogger - Copying 0 resource
2021-07-09 03:11:27,734 [Worker-80] WARN  o.e.m.c.i.embedder.EclipseLogger - Using platform encoding (Cp1252 actually) to copy filtered resources, i.e. build is platform dependent!
2021-07-09 03:11:27,735 [Worker-80] INFO  o.e.m.c.i.embedder.EclipseLogger - Copying 0 resource
2021-07-09 03:11:27,735 [Worker-80] WARN  o.e.m.c.i.embedder.EclipseLogger - Using platform encoding (Cp1252 actually) to copy filtered resources, i.e. build is platform dependent!
2021-07-09 03:11:27,736 [Worker-80] INFO  o.e.m.c.i.embedder.EclipseLogger - Copying 0 resource
2021-07-09 03:11:50,056 [Worker-82] WARN  o.e.m.c.i.embedder.EclipseLogger - Using platform encoding (Cp1252 actually) to copy filtered resources, i.e. build is platform dependent!
2021-07-09 03:11:50,056 [Worker-82] INFO  o.e.m.c.i.embedder.EclipseLogger - Copying 0 resource
2021-07-09 03:11:50,057 [Worker-82] WARN  o.e.m.c.i.embedder.EclipseLogger - Using platform encoding (Cp1252 actually) to copy filtered resources, i.e. build is platform dependent!
2021-07-09 03:11:50,058 [Worker-82] INFO  o.e.m.c.i.embedder.EclipseLogger - Copying 0 resource
2021-07-09 03:14:31,973 [Worker-83] WARN  o.e.m.c.i.embedder.EclipseLogger - Using platform encoding (Cp1252 actually) to copy filtered resources, i.e. build is platform dependent!
2021-07-09 03:14:31,974 [Worker-83] INFO  o.e.m.c.i.embedder.EclipseLogger - Copying 0 resource
2021-07-09 03:14:31,976 [Worker-83] WARN  o.e.m.c.i.embedder.EclipseLogger - Using platform encoding (Cp1252 actually) to copy filtered resources, i.e. build is platform dependent!
2021-07-09 03:14:31,977 [Worker-83] INFO  o.e.m.c.i.embedder.EclipseLogger - Copying 0 resource
2021-07-09 03:16:45,234 [Worker-84] WARN  o.e.m.c.i.embedder.EclipseLogger - Using platform encoding (Cp1252 actually) to copy filtered resources, i.e. build is platform dependent!
2021-07-09 03:16:45,235 [Worker-84] INFO  o.e.m.c.i.embedder.EclipseLogger - Copying 0 resource
2021-07-09 03:16:45,236 [Worker-84] WARN  o.e.m.c.i.embedder.EclipseLogger - Using platform encoding (Cp1252 actually) to copy filtered resources, i.e. build is platform dependent!
2021-07-09 03:16:45,237 [Worker-84] INFO  o.e.m.c.i.embedder.EclipseLogger - Copying 0 resource
2021-07-09 03:17:48,997 [Worker-82] WARN  o.e.m.c.i.embedder.EclipseLogger - Using platform encoding (Cp1252 actually) to copy filtered resources, i.e. build is platform dependent!
2021-07-09 03:17:48,998 [Worker-82] INFO  o.e.m.c.i.embedder.EclipseLogger - Copying 0 resource
2021-07-09 03:17:48,999 [Worker-82] WARN  o.e.m.c.i.embedder.EclipseLogger - Using platform encoding (Cp1252 actually) to copy filtered resources, i.e. build is platform dependent!
2021-07-09 03:17:49,000 [Worker-82] INFO  o.e.m.c.i.embedder.EclipseLogger - Copying 0 resource
2021-07-09 03:18:12,509 [Worker-83] WARN  o.e.m.c.i.embedder.EclipseLogger - Using platform encoding (Cp1252 actually) to copy filtered resources, i.e. build is platform dependent!
2021-07-09 03:18:12,511 [Worker-83] INFO  o.e.m.c.i.embedder.EclipseLogger - Copying 0 resource
2021-07-09 03:18:12,512 [Worker-83] WARN  o.e.m.c.i.embedder.EclipseLogger - Using platform encoding (Cp1252 actually) to copy filtered resources, i.e. build is platform dependent!
2021-07-09 03:18:12,513 [Worker-83] INFO  o.e.m.c.i.embedder.EclipseLogger - Copying 0 resource
2021-07-09 03:20:09,089 [Worker-73] WARN  o.e.m.c.i.embedder.EclipseLogger - Using platform encoding (Cp1252 actually) to copy filtered resources, i.e. build is platform dependent!
2021-07-09 03:20:09,090 [Worker-73] INFO  o.e.m.c.i.embedder.EclipseLogger - Copying 0 resource
2021-07-09 03:20:09,091 [Worker-73] WARN  o.e.m.c.i.embedder.EclipseLogger - Using platform encoding (Cp1252 actually) to copy filtered resources, i.e. build is platform dependent!
2021-07-09 03:20:09,093 [Worker-73] INFO  o.e.m.c.i.embedder.EclipseLogger - Copying 0 resource
2021-07-09 03:20:53,635 [Worker-78] WARN  o.e.m.c.i.embedder.EclipseLogger - Using platform encoding (Cp1252 actually) to copy filtered resources, i.e. build is platform dependent!
2021-07-09 03:20:53,636 [Worker-78] INFO  o.e.m.c.i.embedder.EclipseLogger - Copying 0 resource
2021-07-09 03:20:53,637 [Worker-78] WARN  o.e.m.c.i.embedder.EclipseLogger - Using platform encoding (Cp1252 actually) to copy filtered resources, i.e. build is platform dependent!
2021-07-09 03:20:53,638 [Worker-78] INFO  o.e.m.c.i.embedder.EclipseLogger - Copying 0 resource
2021-07-09 03:21:25,910 [Worker-78] WARN  o.e.m.c.i.embedder.EclipseLogger - Using platform encoding (Cp1252 actually) to copy filtered resources, i.e. build is platform dependent!
2021-07-09 03:21:25,911 [Worker-78] INFO  o.e.m.c.i.embedder.EclipseLogger - Copying 0 resource
2021-07-09 03:21:25,911 [Worker-78] WARN  o.e.m.c.i.embedder.EclipseLogger - Using platform encoding (Cp1252 actually) to copy filtered resources, i.e. build is platform dependent!
2021-07-09 03:21:25,912 [Worker-78] INFO  o.e.m.c.i.embedder.EclipseLogger - Copying 0 resource
2021-07-09 03:24:03,005 [Worker-85] WARN  o.e.m.c.i.embedder.EclipseLogger - Using platform encoding (Cp1252 actually) to copy filtered resources, i.e. build is platform dependent!
2021-07-09 03:24:03,005 [Worker-85] INFO  o.e.m.c.i.embedder.EclipseLogger - Copying 0 resource
2021-07-09 03:24:03,006 [Worker-85] WARN  o.e.m.c.i.embedder.EclipseLogger - Using platform encoding (Cp1252 actually) to copy filtered resources, i.e. build is platform dependent!
2021-07-09 03:24:03,007 [Worker-85] INFO  o.e.m.c.i.embedder.EclipseLogger - Copying 0 resource
2021-07-09 03:24:20,246 [Worker-87] WARN  o.e.m.c.i.embedder.EclipseLogger - Using platform encoding (Cp1252 actually) to copy filtered resources, i.e. build is platform dependent!
2021-07-09 03:24:20,247 [Worker-87] INFO  o.e.m.c.i.embedder.EclipseLogger - Copying 0 resource
2021-07-09 03:24:20,248 [Worker-87] WARN  o.e.m.c.i.embedder.EclipseLogger - Using platform encoding (Cp1252 actually) to copy filtered resources, i.e. build is platform dependent!
2021-07-09 03:24:20,249 [Worker-87] INFO  o.e.m.c.i.embedder.EclipseLogger - Copying 0 resource
2021-07-09 03:24:38,115 [Worker-86] WARN  o.e.m.c.i.embedder.EclipseLogger - Using platform encoding (Cp1252 actually) to copy filtered resources, i.e. build is platform dependent!
2021-07-09 03:24:38,115 [Worker-86] INFO  o.e.m.c.i.embedder.EclipseLogger - Copying 0 resource
2021-07-09 03:24:38,116 [Worker-86] WARN  o.e.m.c.i.embedder.EclipseLogger - Using platform encoding (Cp1252 actually) to copy filtered resources, i.e. build is platform dependent!
2021-07-09 03:24:38,117 [Worker-86] INFO  o.e.m.c.i.embedder.EclipseLogger - Copying 0 resource
2021-07-09 03:25:15,076 [Worker-84] WARN  o.e.m.c.i.embedder.EclipseLogger - Using platform encoding (Cp1252 actually) to copy filtered resources, i.e. build is platform dependent!
2021-07-09 03:25:15,077 [Worker-84] INFO  o.e.m.c.i.embedder.EclipseLogger - Copying 0 resource
2021-07-09 03:25:15,078 [Worker-84] WARN  o.e.m.c.i.embedder.EclipseLogger - Using platform encoding (Cp1252 actually) to copy filtered resources, i.e. build is platform dependent!
2021-07-09 03:25:15,079 [Worker-84] INFO  o.e.m.c.i.embedder.EclipseLogger - Copying 0 resource
2021-07-09 03:28:24,631 [Worker-73] WARN  o.e.m.c.i.embedder.EclipseLogger - Using platform encoding (Cp1252 actually) to copy filtered resources, i.e. build is platform dependent!
2021-07-09 03:28:24,632 [Worker-73] INFO  o.e.m.c.i.embedder.EclipseLogger - Copying 0 resource
2021-07-09 03:28:24,633 [Worker-73] WARN  o.e.m.c.i.embedder.EclipseLogger - Using platform encoding (Cp1252 actually) to copy filtered resources, i.e. build is platform dependent!
2021-07-09 03:28:24,634 [Worker-73] INFO  o.e.m.c.i.embedder.EclipseLogger - Copying 0 resource
2021-07-09 03:30:38,972 [Worker-86] WARN  o.e.m.c.i.embedder.EclipseLogger - Using platform encoding (Cp1252 actually) to copy filtered resources, i.e. build is platform dependent!
2021-07-09 03:30:38,972 [Worker-86] INFO  o.e.m.c.i.embedder.EclipseLogger - Copying 0 resource
2021-07-09 03:30:38,973 [Worker-86] WARN  o.e.m.c.i.embedder.EclipseLogger - Using platform encoding (Cp1252 actually) to copy filtered resources, i.e. build is platform dependent!
2021-07-09 03:30:38,974 [Worker-86] INFO  o.e.m.c.i.embedder.EclipseLogger - Copying 0 resource
2021-07-09 03:31:34,303 [Worker-83] WARN  o.e.m.c.i.embedder.EclipseLogger - Using platform encoding (Cp1252 actually) to copy filtered resources, i.e. build is platform dependent!
2021-07-09 03:31:34,303 [Worker-83] INFO  o.e.m.c.i.embedder.EclipseLogger - Copying 0 resource
2021-07-09 03:31:34,304 [Worker-83] WARN  o.e.m.c.i.embedder.EclipseLogger - Using platform encoding (Cp1252 actually) to copy filtered resources, i.e. build is platform dependent!
2021-07-09 03:31:34,306 [Worker-83] INFO  o.e.m.c.i.embedder.EclipseLogger - Copying 0 resource
2021-07-09 03:32:24,834 [Worker-82] WARN  o.e.m.c.i.embedder.EclipseLogger - Using platform encoding (Cp1252 actually) to copy filtered resources, i.e. build is platform dependent!
2021-07-09 03:32:24,835 [Worker-82] INFO  o.e.m.c.i.embedder.EclipseLogger - Copying 0 resource
2021-07-09 03:32:24,836 [Worker-82] WARN  o.e.m.c.i.embedder.EclipseLogger - Using platform encoding (Cp1252 actually) to copy filtered resources, i.e. build is platform dependent!
2021-07-09 03:32:24,836 [Worker-82] INFO  o.e.m.c.i.embedder.EclipseLogger - Copying 0 resource
2021-07-09 03:32:44,751 [Worker-83] WARN  o.e.m.c.i.embedder.EclipseLogger - Using platform encoding (Cp1252 actually) to copy filtered resources, i.e. build is platform dependent!
2021-07-09 03:32:44,752 [Worker-83] INFO  o.e.m.c.i.embedder.EclipseLogger - Copying 0 resource
2021-07-09 03:32:44,753 [Worker-83] WARN  o.e.m.c.i.embedder.EclipseLogger - Using platform encoding (Cp1252 actually) to copy filtered resources, i.e. build is platform dependent!
2021-07-09 03:32:44,754 [Worker-83] INFO  o.e.m.c.i.embedder.EclipseLogger - Copying 0 resource
2021-07-09 03:33:32,453 [Worker-73] WARN  o.e.m.c.i.embedder.EclipseLogger - Using platform encoding (Cp1252 actually) to copy filtered resources, i.e. build is platform dependent!
2021-07-09 03:33:32,454 [Worker-73] INFO  o.e.m.c.i.embedder.EclipseLogger - Copying 0 resource
2021-07-09 03:33:32,455 [Worker-73] WARN  o.e.m.c.i.embedder.EclipseLogger - Using platform encoding (Cp1252 actually) to copy filtered resources, i.e. build is platform dependent!
2021-07-09 03:33:32,456 [Worker-73] INFO  o.e.m.c.i.embedder.EclipseLogger - Copying 0 resource
2021-07-09 03:34:11,892 [Worker-78] WARN  o.e.m.c.i.embedder.EclipseLogger - Using platform encoding (Cp1252 actually) to copy filtered resources, i.e. build is platform dependent!
2021-07-09 03:34:11,893 [Worker-78] INFO  o.e.m.c.i.embedder.EclipseLogger - Copying 0 resource
2021-07-09 03:34:11,894 [Worker-78] WARN  o.e.m.c.i.embedder.EclipseLogger - Using platform encoding (Cp1252 actually) to copy filtered resources, i.e. build is platform dependent!
2021-07-09 03:34:11,895 [Worker-78] INFO  o.e.m.c.i.embedder.EclipseLogger - Copying 0 resource
2021-07-09 03:35:35,284 [Worker-83] WARN  o.e.m.c.i.embedder.EclipseLogger - Using platform encoding (Cp1252 actually) to copy filtered resources, i.e. build is platform dependent!
2021-07-09 03:35:35,285 [Worker-83] INFO  o.e.m.c.i.embedder.EclipseLogger - Copying 0 resource
2021-07-09 03:35:35,285 [Worker-83] WARN  o.e.m.c.i.embedder.EclipseLogger - Using platform encoding (Cp1252 actually) to copy filtered resources, i.e. build is platform dependent!
2021-07-09 03:35:35,286 [Worker-83] INFO  o.e.m.c.i.embedder.EclipseLogger - Copying 0 resource
2021-07-09 03:36:59,824 [Worker-82] WARN  o.e.m.c.i.embedder.EclipseLogger - Using platform encoding (Cp1252 actually) to copy filtered resources, i.e. build is platform dependent!
2021-07-09 03:36:59,825 [Worker-82] INFO  o.e.m.c.i.embedder.EclipseLogger - Copying 0 resource
2021-07-09 03:36:59,825 [Worker-82] WARN  o.e.m.c.i.embedder.EclipseLogger - Using platform encoding (Cp1252 actually) to copy filtered resources, i.e. build is platform dependent!
2021-07-09 03:36:59,826 [Worker-82] INFO  o.e.m.c.i.embedder.EclipseLogger - Copying 0 resource
2021-07-09 03:37:59,297 [Worker-78] WARN  o.e.m.c.i.embedder.EclipseLogger - Using platform encoding (Cp1252 actually) to copy filtered resources, i.e. build is platform dependent!
2021-07-09 03:37:59,298 [Worker-78] INFO  o.e.m.c.i.embedder.EclipseLogger - Copying 0 resource
2021-07-09 03:37:59,299 [Worker-78] WARN  o.e.m.c.i.embedder.EclipseLogger - Using platform encoding (Cp1252 actually) to copy filtered resources, i.e. build is platform dependent!
2021-07-09 03:37:59,300 [Worker-78] INFO  o.e.m.c.i.embedder.EclipseLogger - Copying 0 resource
2021-07-09 03:38:58,621 [Worker-84] WARN  o.e.m.c.i.embedder.EclipseLogger - Using platform encoding (Cp1252 actually) to copy filtered resources, i.e. build is platform dependent!
2021-07-09 03:38:58,622 [Worker-84] INFO  o.e.m.c.i.embedder.EclipseLogger - Copying 0 resource
2021-07-09 03:38:58,623 [Worker-84] WARN  o.e.m.c.i.embedder.EclipseLogger - Using platform encoding (Cp1252 actually) to copy filtered resources, i.e. build is platform dependent!
2021-07-09 03:38:58,624 [Worker-84] INFO  o.e.m.c.i.embedder.EclipseLogger - Copying 0 resource
2021-07-09 03:39:07,352 [Worker-85] WARN  o.e.m.c.i.embedder.EclipseLogger - Using platform encoding (Cp1252 actually) to copy filtered resources, i.e. build is platform dependent!
2021-07-09 03:39:07,353 [Worker-85] INFO  o.e.m.c.i.embedder.EclipseLogger - Copying 0 resource
2021-07-09 03:39:07,354 [Worker-85] WARN  o.e.m.c.i.embedder.EclipseLogger - Using platform encoding (Cp1252 actually) to copy filtered resources, i.e. build is platform dependent!
2021-07-09 03:39:07,355 [Worker-85] INFO  o.e.m.c.i.embedder.EclipseLogger - Copying 0 resource
2021-07-09 03:39:45,931 [Worker-82] WARN  o.e.m.c.i.embedder.EclipseLogger - Using platform encoding (Cp1252 actually) to copy filtered resources, i.e. build is platform dependent!
2021-07-09 03:39:45,932 [Worker-82] INFO  o.e.m.c.i.embedder.EclipseLogger - Copying 0 resource
2021-07-09 03:39:45,933 [Worker-82] WARN  o.e.m.c.i.embedder.EclipseLogger - Using platform encoding (Cp1252 actually) to copy filtered resources, i.e. build is platform dependent!
2021-07-09 03:39:45,934 [Worker-82] INFO  o.e.m.c.i.embedder.EclipseLogger - Copying 0 resource
2021-07-09 03:39:59,714 [Worker-83] WARN  o.e.m.c.i.embedder.EclipseLogger - Using platform encoding (Cp1252 actually) to copy filtered resources, i.e. build is platform dependent!
2021-07-09 03:39:59,715 [Worker-83] INFO  o.e.m.c.i.embedder.EclipseLogger - Copying 0 resource
2021-07-09 03:39:59,715 [Worker-83] WARN  o.e.m.c.i.embedder.EclipseLogger - Using platform encoding (Cp1252 actually) to copy filtered resources, i.e. build is platform dependent!
2021-07-09 03:39:59,716 [Worker-83] INFO  o.e.m.c.i.embedder.EclipseLogger - Copying 0 resource
2021-07-09 03:40:20,179 [Worker-83] WARN  o.e.m.c.i.embedder.EclipseLogger - Using platform encoding (Cp1252 actually) to copy filtered resources, i.e. build is platform dependent!
2021-07-09 03:40:20,180 [Worker-83] INFO  o.e.m.c.i.embedder.EclipseLogger - Copying 0 resource
2021-07-09 03:40:20,181 [Worker-83] WARN  o.e.m.c.i.embedder.EclipseLogger - Using platform encoding (Cp1252 actually) to copy filtered resources, i.e. build is platform dependent!
2021-07-09 03:40:20,182 [Worker-83] INFO  o.e.m.c.i.embedder.EclipseLogger - Copying 0 resource
